PRT1
98
275
4 0 9 (608 0 1536 ) (576 0 1536 ) (576 0 1344 ) (608 0 1344 ) 
4 0 1 (576 288 1536 ) (576 288 1344 ) (576 256 1344 ) (576 256 1536 ) 
4 0 2 (576 256 1344 ) (576 0 1344 ) (576 0 1536 ) (576 256 1536 ) 
4 1 32 (0 256 1536 ) (0 288 1536 ) (0 288 1344 ) (0 256 1344 ) 
4 1 2 (576 256 1344 ) (576 256 1536 ) (0 256 1536 ) (0 256 1344 ) 
4 2 33 (0 0 832 ) (0 0 1536 ) (0 256 1536 ) (0 256 832 ) 
4 2 17 (0 0 1216 ) (0 0 832 ) (64 0 832 ) (64 0 1216 ) 
4 2 13 (320 0 832 ) (448 0 832 ) (448 0 1216 ) (320 0 1216 ) 
4 2 12 (448 0 832 ) (576 0 832 ) (576 0 1216 ) (448 0 1216 ) 
4 2 16 (64 0 832 ) (320 0 832 ) (320 0 1216 ) (64 0 1216 ) 
4 2 10 (0 0 1344 ) (0 0 1216 ) (576 0 1216 ) (576 0 1344 ) 
4 2 9 (0 0 1536 ) (0 0 1344 ) (576 0 1344 ) (576 0 1536 ) 
4 2 5 (576 256 832 ) (576 0 832 ) (0 0 832 ) (0 256 832 ) 
4 3 5 (224 256 640 ) (352 256 640 ) (352 256 832 ) (224 256 832 ) 
4 4 34 (0 256 832 ) (0 288 832 ) (0 288 640 ) (0 256 640 ) 
4 4 5 (0 256 640 ) (64 256 640 ) (64 256 832 ) (0 256 832 ) 
4 5 36 (0 0 640 ) (0 0 832 ) (0 256 832 ) (0 256 640 ) 
4 5 17 (0 0 832 ) (0 0 640 ) (64 0 640 ) (64 0 832 ) 
4 5 13 (320 0 640 ) (448 0 640 ) (448 0 832 ) (320 0 832 ) 
4 5 12 (448 0 640 ) (576 0 640 ) (576 0 832 ) (448 0 832 ) 
4 5 16 (64 0 640 ) (320 0 640 ) (320 0 832 ) (64 0 832 ) 
4 5 8 (0 0 640 ) (0 32 640 ) (64 32 640 ) (64 0 640 ) 
4 5 7 (64 32 640 ) (576 32 640 ) (576 0 640 ) (64 0 640 ) 
4 5 6 (0 32 640 ) (0 256 640 ) (576 256 640 ) (576 32 640 ) 
4 6 38 (0 32 640 ) (0 128 640 ) (0 128 64 ) (0 32 64 ) 
4 6 37 (0 128 640 ) (0 256 640 ) (0 256 64 ) (0 128 64 ) 
4 6 8 (64 32 448 ) (64 32 640 ) (0 32 640 ) (0 32 448 ) 
4 6 7 (64 32 64 ) (576 32 64 ) (576 32 640 ) (64 32 640 ) 
4 7 13 (320 0 64 ) (448 0 64 ) (448 0 640 ) (320 0 640 ) 
4 7 12 (448 0 64 ) (576 0 64 ) (576 0 640 ) (448 0 640 ) 
4 7 16 (64 0 64 ) (320 0 64 ) (320 0 640 ) (64 0 640 ) 
4 7 8 (64 32 640 ) (64 32 448 ) (64 0 448 ) (64 0 640 ) 
4 8 39 (0 0 448 ) (0 0 640 ) (0 32 640 ) (0 32 448 ) 
4 8 17 (0 0 640 ) (0 0 448 ) (64 0 448 ) (64 0 640 ) 
4 9 47 (0 -288 1536 ) (0 -256 1536 ) (0 -256 1344 ) (0 -288 1344 ) 
4 9 44 (0 -256 1536 ) (0 0 1536 ) (0 0 1344 ) (0 -256 1344 ) 
4 9 10 (0 -256 1344 ) (0 0 1344 ) (576 0 1344 ) (576 -256 1344 ) 
4 10 44 (0 -256 1344 ) (0 0 1344 ) (0 0 1216 ) (0 -256 1216 ) 
4 10 17 (0 -96 1216 ) (0 0 1216 ) (64 0 1216 ) (64 -96 1216 ) 
4 10 18 (0 -256 1216 ) (0 -96 1216 ) (64 -96 1216 ) (64 -256 1216 ) 
4 10 14 (448 -32 1216 ) (448 -160 1216 ) (320 -160 1216 ) (320 -32 1216 ) 
4 10 13 (320 0 1216 ) (448 0 1216 ) (448 -32 1216 ) (320 -32 1216 ) 
4 10 15 (448 -160 1216 ) (448 -256 1216 ) (320 -256 1216 ) (320 -160 1216 ) 
4 10 12 (448 0 1216 ) (576 0 1216 ) (576 -256 1216 ) (448 -256 1216 ) 
4 10 16 (64 0 1216 ) (320 0 1216 ) (320 -256 1216 ) (64 -256 1216 ) 
4 11 24 (512 -1024 1344 ) (128 -1024 1344 ) (128 -1024 1216 ) (512 -1024 1216 ) 
4 11 19 (480 -1024 1216 ) (160 -1024 1216 ) (160 -288 1216 ) (480 -288 1216 ) 
4 12 19 (480 -256 1216 ) (448 -256 1216 ) (448 -256 672 ) (480 -256 672 ) 
4 12 14 (448 -160 576 ) (448 -160 1216 ) (448 -32 1216 ) (448 -32 576 ) 
4 12 13 (448 0 64 ) (448 -32 64 ) (448 -32 1216 ) (448 0 1216 ) 
4 12 15 (448 -160 64 ) (448 -256 64 ) (448 -256 1216 ) (448 -160 1216 ) 
4 13 14 (320 -32 1216 ) (320 -32 576 ) (448 -32 576 ) (448 -32 1216 ) 
4 13 16 (320 0 64 ) (320 -32 64 ) (320 -32 1216 ) (320 0 1216 ) 
4 14 16 (320 -160 576 ) (320 -160 1216 ) (320 -32 1216 ) (320 -32 576 ) 
4 14 15 (320 -160 1216 ) (320 -160 576 ) (448 -160 576 ) (448 -160 1216 ) 
4 15 19 (448 -256 1216 ) (320 -256 1216 ) (320 -256 672 ) (448 -256 672 ) 
4 15 16 (320 -160 64 ) (320 -256 64 ) (320 -256 1216 ) (320 -160 1216 ) 
4 16 19 (320 -256 1216 ) (160 -256 1216 ) (160 -256 672 ) (320 -256 672 ) 
4 16 17 (64 -96 448 ) (64 -96 1216 ) (64 0 1216 ) (64 0 448 ) 
4 16 18 (64 -96 64 ) (64 -256 64 ) (64 -256 1216 ) (64 -96 1216 ) 
4 17 44 (0 -96 1216 ) (0 0 1216 ) (0 0 448 ) (0 -96 448 ) 
4 17 18 (64 -96 448 ) (64 -96 1216 ) (0 -96 1216 ) (0 -96 448 ) 
4 18 45 (0 -256 64 ) (0 -256 448 ) (0 -96 448 ) (0 -96 64 ) 
4 18 44 (0 -256 448 ) (0 -256 1216 ) (0 -96 1216 ) (0 -96 448 ) 
4 19 25 (480 -1024 1216 ) (160 -1024 1216 ) (160 -1024 672 ) (480 -1024 672 ) 
4 20 56 (1872 -2048 1216 ) (1872 -2048 1840 ) (1840 -2048 1840 ) (1840 -2048 1216 ) 
4 20 21 (1840 -1504 1840 ) (1840 -1504 1216 ) (1840 -1536 1216 ) (1840 -1536 1840 ) 
4 20 22 (1840 -1536 1216 ) (1840 -2048 1216 ) (1840 -2048 1840 ) (1840 -1536 1840 ) 
4 21 26 (1024 -1536 1840 ) (1024 -1504 1840 ) (1024 -1504 1216 ) (1024 -1536 1216 ) 
4 21 22 (1840 -1536 1216 ) (1840 -1536 1840 ) (1024 -1536 1840 ) (1024 -1536 1216 ) 
4 22 57 (1024 -2048 1216 ) (1024 -2048 672 ) (1840 -2048 672 ) (1840 -2048 1216 ) 
4 22 56 (1024 -2048 1840 ) (1024 -2048 1216 ) (1840 -2048 1216 ) (1840 -2048 1840 ) 
4 22 28 (1024 -2048 672 ) (1024 -2048 1216 ) (1024 -1536 1216 ) (1024 -1536 672 ) 
4 22 26 (1024 -2048 1216 ) (1024 -2048 1840 ) (1024 -1536 1840 ) (1024 -1536 1216 ) 
4 22 23 (1840 -1536 672 ) (1840 -2048 672 ) (1024 -2048 672 ) (1024 -1536 672 ) 
4 23 57 (1024 -2048 672 ) (1024 -2048 48 ) (1840 -2048 48 ) (1840 -2048 672 ) 
4 23 29 (1024 -2048 48 ) (1024 -2048 672 ) (1024 -1536 672 ) (1024 -1536 48 ) 
4 24 26 (512 -1504 1344 ) (128 -1504 1344 ) (128 -1504 1216 ) (512 -1504 1216 ) 
4 24 25 (480 -1504 1216 ) (160 -1504 1216 ) (160 -1024 1216 ) (480 -1024 1216 ) 
4 25 27 (480 -1504 1216 ) (160 -1504 1216 ) (160 -1504 672 ) (480 -1504 672 ) 
4 26 58 (1024 -2048 1216 ) (1024 -2048 1840 ) (0 -2048 1840 ) (0 -2048 1216 ) 
4 26 49 (0 -1536 1840 ) (0 -1504 1840 ) (0 -1504 1216 ) (0 -1536 1216 ) 
4 26 50 (0 -2048 1216 ) (0 -2048 1840 ) (0 -1536 1840 ) (0 -1536 1216 ) 
4 26 27 (160 -1504 1216 ) (480 -1504 1216 ) (480 -1536 1216 ) (160 -1536 1216 ) 
4 26 28 (1024 -1536 1216 ) (1024 -2048 1216 ) (0 -2048 1216 ) (0 -1536 1216 ) 
4 27 28 (160 -1536 672 ) (480 -1536 672 ) (480 -1536 1216 ) (160 -1536 1216 ) 
4 28 58 (1024 -2048 672 ) (1024 -2048 1216 ) (0 -2048 1216 ) (0 -2048 672 ) 
4 28 50 (0 -2048 672 ) (0 -2048 1216 ) (0 -1536 1216 ) (0 -1536 672 ) 
4 28 31 (208 -2048 672 ) (0 -2048 672 ) (0 -1536 672 ) (208 -1536 672 ) 
4 28 30 (208 -1984 672 ) (208 -1536 672 ) (432 -1536 672 ) (432 -1984 672 ) 
4 28 29 (1024 -2048 672 ) (432 -2048 672 ) (432 -1536 672 ) (1024 -1536 672 ) 
4 29 59 (1024 -2048 48 ) (1024 -2048 672 ) (432 -2048 672 ) (432 -2048 48 ) 
4 29 30 (432 -1536 672 ) (432 -1536 48 ) (432 -1984 48 ) (432 -1984 672 ) 
4 30 31 (208 -1536 672 ) (208 -1536 48 ) (208 -1984 48 ) (208 -1984 672 ) 
4 31 61 (208 -2048 48 ) (208 -2048 672 ) (0 -2048 672 ) (0 -2048 48 ) 
4 31 51 (0 -2048 48 ) (0 -2048 672 ) (0 -1536 672 ) (0 -1536 48 ) 
4 32 43 (-576 288 1536 ) (-576 288 1344 ) (-576 256 1344 ) (-576 256 1536 ) 
4 32 33 (0 256 1344 ) (0 256 1536 ) (-576 256 1536 ) (-576 256 1344 ) 
4 33 44 (0 0 832 ) (0 0 1536 ) (-576 0 1536 ) (-576 0 832 ) 
4 33 43 (-576 0 1344 ) (-576 0 1536 ) (-576 256 1536 ) (-576 256 1344 ) 
4 33 36 (-576 0 832 ) (-576 256 832 ) (0 256 832 ) (0 0 832 ) 
4 34 36 (-64 256 640 ) (0 256 640 ) (0 256 832 ) (-64 256 832 ) 
4 35 36 (-352 256 640 ) (-224 256 640 ) (-224 256 832 ) (-352 256 832 ) 
4 36 44 (0 0 640 ) (0 0 832 ) (-576 0 832 ) (-576 0 640 ) 
4 36 41 (-288 0 640 ) (-480 0 640 ) (-480 128 640 ) (-288 128 640 ) 
4 36 40 (-64 0 640 ) (-288 0 640 ) (-288 128 640 ) (-64 128 640 ) 
4 36 42 (-480 0 640 ) (-576 0 640 ) (-576 128 640 ) (-480 128 640 ) 
4 36 39 (0 0 640 ) (-64 0 640 ) (-64 32 640 ) (0 32 640 ) 
4 36 38 (-64 32 640 ) (-64 128 640 ) (0 128 640 ) (0 32 640 ) 
4 36 37 (-576 128 640 ) (-576 256 640 ) (0 256 640 ) (0 128 640 ) 
4 37 41 (-288 128 640 ) (-480 128 640 ) (-480 128 320 ) (-288 128 320 ) 
4 37 40 (-64 128 640 ) (-288 128 640 ) (-288 128 64 ) (-64 128 64 ) 
4 37 42 (-480 128 640 ) (-576 128 640 ) (-576 128 64 ) (-480 128 64 ) 
4 37 38 (0 128 640 ) (-64 128 640 ) (-64 128 64 ) (0 128 64 ) 
4 38 40 (-64 128 640 ) (-64 128 64 ) (-64 32 64 ) (-64 32 640 ) 
4 38 39 (-64 32 640 ) (-64 32 448 ) (0 32 448 ) (0 32 640 ) 
4 39 44 (0 0 448 ) (0 0 640 ) (-64 0 640 ) (-64 0 448 ) 
4 39 40 (-64 0 448 ) (-64 0 640 ) (-64 32 640 ) (-64 32 448 ) 
4 40 46 (-288 0 448 ) (-288 0 64 ) (-64 0 64 ) (-64 0 448 ) 
4 40 44 (-64 0 640 ) (-288 0 640 ) (-288 0 448 ) (-64 0 448 ) 
4 40 41 (-288 128 640 ) (-288 128 320 ) (-288 0 320 ) (-288 0 640 ) 
4 41 46 (-480 0 448 ) (-480 0 320 ) (-288 0 320 ) (-288 0 448 ) 
4 41 44 (-288 0 640 ) (-480 0 640 ) (-480 0 448 ) (-288 0 448 ) 
4 41 42 (-480 128 640 ) (-480 128 320 ) (-480 0 320 ) (-480 0 640 ) 
4 42 46 (-576 0 448 ) (-576 0 64 ) (-480 0 64 ) (-480 0 448 ) 
4 42 44 (-480 0 640 ) (-576 0 640 ) (-576 0 448 ) (-480 0 448 ) 
4 43 48 (-576 0 1344 ) (-576 0 1536 ) (-608 0 1536 ) (-608 0 1344 ) 
4 44 48 (-576 0 1536 ) (-576 0 1344 ) (-576 -256 1344 ) (-576 -256 1536 ) 
4 44 47 (-576 -256 1536 ) (-576 -256 1344 ) (0 -256 1344 ) (0 -256 1536 ) 
4 44 45 (0 -256 448 ) (-64 -256 448 ) (-64 -96 448 ) (0 -96 448 ) 
4 44 46 (-64 -256 448 ) (-576 -256 448 ) (-576 0 448 ) (-64 0 448 ) 
4 45 46 (-64 -96 64 ) (-64 -256 64 ) (-64 -256 448 ) (-64 -96 448 ) 
4 47 48 (-576 -288 1344 ) (-576 -288 1536 ) (-576 -256 1536 ) (-576 -256 1344 ) 
4 49 52 (-1024 -1536 1840 ) (-1024 -1504 1840 ) (-1024 -1504 1216 ) (-1024 -1536 1216 ) 
4 49 50 (0 -1536 1216 ) (0 -1536 1840 ) (-1024 -1536 1840 ) (-1024 -1536 1216 ) 
4 50 79 (0 -2048 672 ) (0 -2048 1248 ) (-1024 -2048 1248 ) (-1024 -2048 672 ) 
4 50 77 (0 -2048 1248 ) (0 -2048 1840 ) (-1024 -2048 1840 ) (-1024 -2048 1248 ) 
4 50 53 (-1024 -2048 672 ) (-1024 -2048 1840 ) (-1024 -1536 1840 ) (-1024 -1536 672 ) 
4 50 51 (0 -2048 672 ) (-1024 -2048 672 ) (-1024 -1536 672 ) (0 -1536 672 ) 
4 51 84 (-592 -2048 640 ) (-1024 -2048 640 ) (-1024 -2048 48 ) (-592 -2048 48 ) 
4 51 83 (-336 -2048 640 ) (-592 -2048 640 ) (-592 -2048 48 ) (-336 -2048 48 ) 
4 51 82 (-128 -2048 640 ) (-336 -2048 640 ) (-336 -2048 48 ) (-128 -2048 48 ) 
4 51 81 (0 -2048 48 ) (0 -2048 640 ) (-128 -2048 640 ) (-128 -2048 48 ) 
4 51 79 (0 -2048 640 ) (0 -2048 672 ) (-1024 -2048 672 ) (-1024 -2048 640 ) 
4 51 54 (-1024 -2048 48 ) (-1024 -2048 672 ) (-1024 -1536 672 ) (-1024 -1536 48 ) 
4 52 55 (-1200 -1504 1840 ) (-1200 -1504 1216 ) (-1200 -1536 1216 ) (-1200 -1536 1840 ) 
4 52 53 (-1024 -1536 1216 ) (-1024 -1536 1840 ) (-1200 -1536 1840 ) (-1200 -1536 1216 ) 
4 53 91 (-1024 -2048 672 ) (-1024 -2048 1216 ) (-1200 -2048 1216 ) (-1200 -2048 672 ) 
4 53 90 (-1024 -2048 1216 ) (-1024 -2048 1840 ) (-1200 -2048 1840 ) (-1200 -2048 1216 ) 
4 53 55 (-1200 -2048 1216 ) (-1200 -2048 1840 ) (-1200 -1536 1840 ) (-1200 -1536 1216 ) 
4 53 54 (-1200 -2048 672 ) (-1200 -1536 672 ) (-1024 -1536 672 ) (-1024 -2048 672 ) 
4 54 91 (-1024 -2048 48 ) (-1024 -2048 672 ) (-1200 -2048 672 ) (-1200 -2048 48 ) 
4 55 90 (-1232 -2048 1840 ) (-1232 -2048 1216 ) (-1200 -2048 1216 ) (-1200 -2048 1840 ) 
4 56 68 (1872 -3072 1216 ) (1872 -3072 1840 ) (1024 -3072 1840 ) (1024 -3072 1216 ) 
4 56 58 (1024 -2048 1840 ) (1024 -2048 1216 ) (1024 -3072 1216 ) (1024 -3072 1840 ) 
4 56 57 (1024 -2048 1216 ) (1840 -2048 1216 ) (1840 -3072 1216 ) (1024 -3072 1216 ) 
4 57 69 (1840 -3072 1216 ) (1024 -3072 1216 ) (1024 -3072 48 ) (1840 -3072 48 ) 
4 57 63 (1024 -2736 48 ) (1024 -3072 48 ) (1024 -3072 464 ) (1024 -2736 464 ) 
4 57 62 (1024 -3072 464 ) (1024 -3072 672 ) (1024 -2736 672 ) (1024 -2736 464 ) 
4 57 59 (1024 -2048 672 ) (1024 -2048 48 ) (1024 -2736 48 ) (1024 -2736 672 ) 
4 57 58 (1024 -2048 1216 ) (1024 -2048 672 ) (1024 -3072 672 ) (1024 -3072 1216 ) 
4 58 80 (0 -2142.850098 672 ) (0 -2920.396484 672 ) (0 -2920.396484 1248 ) (0 -2142.850098 1248 ) 
4 58 79 (0 -2048 1248 ) (0 -2048 672 ) (0 -2142.850098 672 ) (0 -2142.850098 1248 ) 
4 58 77 (0 -2048 1840 ) (0 -2048 1248 ) (0 -2920.396484 1248 ) (0 -2920.396484 1840 ) 
4 58 72 (1024 -3072 672 ) (1024 -3072 1248 ) (262.584961 -3072 1248 ) (262.584961 -3072 672 ) 
4 58 70 (1024 -3072 1248 ) (1024 -3072 1840 ) (262.584961 -3072 1840 ) (262.584961 -3072 1248 ) 
4 58 67 (176 -3022.010010 672 ) (262.585388 -3072 672 ) (262.585663 -3072 1248 ) (176 -3022.009766 1248 ) 
4 58 66 (262.585938 -3072 1840 ) (0 -2920.396484 1840 ) (0 -2920.396484 1248 ) (262.585663 -3072 1248 ) 
5 58 62 (262.580933 -3072 672 ) (0 -2920.398926 672 ) (0 -2736 672 ) (1024 -2736 672 ) (1024 -3072 672 ) 
4 58 61 (0 -2736 672 ) (0 -2048 672 ) (208 -2048 672 ) (208 -2736 672 ) 
4 58 60 (432 -2208 672 ) (432 -2736 672 ) (208 -2736 672 ) (208 -2208 672 ) 
4 58 59 (432 -2048 672 ) (1024 -2048 672 ) (1024 -2736 672 ) (432 -2736 672 ) 
4 59 63 (544 -2736 48 ) (1024 -2736 48 ) (1024 -2736 464 ) (544 -2736 464 ) 
4 59 62 (1024 -2736 672 ) (432 -2736 672 ) (432 -2736 464 ) (1024 -2736 464 ) 
4 59 60 (432 -2736 48 ) (432 -2736 672 ) (432 -2208 672 ) (432 -2208 48 ) 
4 60 65 (208 -2736 464 ) (208 -2736 48 ) (320 -2736 48 ) (320 -2736 464 ) 
4 60 62 (432 -2736 672 ) (208 -2736 672 ) (208 -2736 464 ) (432 -2736 464 ) 
4 60 61 (208 -2736 48 ) (208 -2736 672 ) (208 -2208 672 ) (208 -2208 48 ) 
4 61 81 (0 -2048 640 ) (0 -2048 48 ) (0 -2736 48 ) (0 -2736 640 ) 
4 61 80 (0 -2142.850098 640 ) (0 -2736 640 ) (0 -2736 672 ) (0 -2142.850098 672 ) 
4 61 79 (0 -2048 672 ) (0 -2048 640 ) (0 -2142.850098 640 ) (0 -2142.850098 672 ) 
4 61 65 (0 -2736 464 ) (0 -2736 48 ) (208 -2736 48 ) (208 -2736 464 ) 
4 61 62 (208 -2736 672 ) (0 -2736 672 ) (0 -2736 464 ) (208 -2736 464 ) 
4 62 81 (0 -2920.396484 464 ) (0 -2920.396484 640 ) (0 -2736 640 ) (0 -2736 464 ) 
4 62 80 (0 -2920.396484 640 ) (0 -2920.396484 672 ) (0 -2736 672 ) (0 -2736 640 ) 
4 62 72 (1024 -3072 464 ) (1024 -3072 672 ) (262.584961 -3072 672 ) (262.584961 -3072 464 ) 
4 62 67 (176 -3022.010010 464 ) (262.585297 -3072 464 ) (262.585388 -3072 672 ) (176 -3022.010010 672 ) 
5 62 65 (262.586853 -3072 464 ) (0 -2920.395508 464 ) (0 -2736 464 ) (320 -2736 464 ) (320 -3072 464 ) 
4 62 64 (544 -2960 464 ) (544 -3072 464 ) (320 -3072 464 ) (320 -2960 464 ) 
4 62 63 (544 -2736 464 ) (1024 -2736 464 ) (1024 -3072 464 ) (544 -3072 464 ) 
4 63 72 (1024 -3072 48 ) (1024 -3072 464 ) (544 -3072 464 ) (544 -3072 48 ) 
4 63 64 (544 -3072 48 ) (544 -3072 464 ) (544 -2960 464 ) (544 -2960 48 ) 
4 64 72 (544 -3072 48 ) (544 -3072 464 ) (320 -3072 464 ) (320 -3072 48 ) 
4 64 65 (320 -3072 464 ) (320 -2960 464 ) (320 -2960 48 ) (320 -3072 48 ) 
4 65 81 (0 -2920.396484 48 ) (0 -2920.396484 464 ) (0 -2736 464 ) (0 -2736 48 ) 
4 65 72 (320 -3072 48 ) (320 -3072 464 ) (262.584961 -3072 464 ) (262.584961 -3072 48 ) 
4 65 67 (176 -3022.010010 48 ) (262.585083 -3072 48 ) (262.585297 -3072 464 ) (176 -3022.010010 464 ) 
4 66 77 (0 -3072 1248 ) (0 -3072 1840 ) (0 -2920.396484 1840 ) (0 -2920.396484 1248 ) 
4 66 70 (262.584961 -3072 1248 ) (262.584961 -3072 1840 ) (0 -3072 1840 ) (0 -3072 1248 ) 
3 66 67 (175.997330 -3022.014648 1248 ) (262.574219 -3072 1248 ) (147.138306 -3072 1248 ) 
4 67 72 (262.584961 -3072 48 ) (262.584961 -3072 1248 ) (147.138306 -3072 1248 ) (147.138321 -3072 48 ) 
4 68 73 (1872 -4096 1216 ) (1872 -4096 1840 ) (1024 -4096 1840 ) (1024 -4096 1216 ) 
4 68 72 (1024 -3072 1248 ) (1024 -3072 1216 ) (1024 -3770.256348 1216 ) (1024 -3770.256348 1248 ) 
4 68 71 (1024 -3770.256348 1216 ) (1024 -4096 1216 ) (1024 -4096 1248 ) (1024 -3770.256348 1248 ) 
4 68 70 (1024 -3072 1840 ) (1024 -3072 1248 ) (1024 -4096 1248 ) (1024 -4096 1840 ) 
4 68 69 (1024 -3072 1216 ) (1840 -3072 1216 ) (1840 -4096 1216 ) (1024 -4096 1216 ) 
4 69 74 (1840 -4096 1216 ) (1024 -4096 1216 ) (1024 -4096 48 ) (1840 -4096 48 ) 
4 69 72 (1024 -3072 1216 ) (1024 -3072 48 ) (1024 -3770.256348 48 ) (1024 -3770.256348 1216 ) 
4 69 71 (1024 -3770.256348 48 ) (1024 -4096 48 ) (1024 -4096 1216 ) (1024 -3770.256348 1216 ) 
4 70 85 (0 -4096 1248 ) (0 -4096 1840 ) (0 -3072 1840 ) (0 -3072 1248 ) 
4 70 75 (1024 -4096 1248 ) (1024 -4096 1840 ) (0 -4096 1840 ) (0 -4096 1248 ) 
4 70 72 (147.138290 -3072 1248 ) (1024 -3072 1248 ) (1024 -3770.256348 1248 ) (64 -3216 1248 ) 
4 70 71 (1024 -4096 1248 ) (0 -4096 1248 ) (0 -3179.049805 1248 ) (1024 -3770.256348 1248 ) 
4 71 87 (0 -4096 48 ) (0 -4096 640 ) (0 -3179.049805 640 ) (0 -3179.049805 48 ) 
4 71 86 (0 -4096 640 ) (0 -4096 1248 ) (0 -3179.049805 1248 ) (0 -3179.049805 640 ) 
4 71 76 (1024 -4096 48 ) (1024 -4096 1216 ) (0 -4096 1216 ) (0 -4096 48 ) 
4 71 75 (1024 -4096 1216 ) (1024 -4096 1248 ) (0 -4096 1248 ) (0 -4096 1216 ) 
4 71 72 (64.001183 -3215.998047 1248 ) (1024 -3770.253906 1248 ) (1024 -3770.253906 48 ) (64 -3215.998291 48 ) 
4 73 75 (1024 -4096 1840 ) (1024 -4096 1216 ) (1024 -4752 1216 ) (1024 -4752 1840 ) 
4 73 74 (1024 -4720 1216 ) (1024 -4096 1216 ) (1840 -4096 1216 ) (1840 -4720 1216 ) 
4 74 76 (1024 -4096 1216 ) (1024 -4096 48 ) (1024 -4720 48 ) (1024 -4720 1216 ) 
4 75 94 (0 -4752 1216 ) (0 -4752 1840 ) (0 -4096 1840 ) (0 -4096 1216 ) 
4 75 76 (0 -4720 1216 ) (0 -4096 1216 ) (1024 -4096 1216 ) (1024 -4720 1216 ) 
4 76 95 (0 -4720 1216 ) (0 -4096 1216 ) (0 -4096 48 ) (0 -4720 48 ) 
4 77 90 (-1024 -2048 1840 ) (-1024 -2048 1248 ) (-1024 -3072 1248 ) (-1024 -3072 1840 ) 
4 77 85 (0 -3072 1248 ) (0 -3072 1840 ) (-1024 -3072 1840 ) (-1024 -3072 1248 ) 
3 77 80 (0 -2142.850098 1248 ) (0 -2920.396484 1248 ) (-336.687134 -2726.010010 1248 ) 
5 77 79 (-1024 -2587.843018 1248 ) (-1024 -2048 1248 ) (0 -2048 1248 ) (0 -2142.850098 1248 ) (-448.687134 -2920 1248 ) 
3 77 78 (-1024 -3072 1248 ) (-1024 -2587.843018 1248 ) (-185.415527 -3072 1248 ) 
4 78 91 (-1024 -2587.842773 640 ) (-1024 -3072 640 ) (-1024 -3072 1216 ) (-1024 -2587.843018 1216 ) 
4 78 90 (-1024 -3072 1216 ) (-1024 -3072 1248 ) (-1024 -2587.843018 1248 ) (-1024 -2587.843018 1216 ) 
4 78 86 (-185.415527 -3072 1248 ) (-1024 -3072 1248 ) (-1024 -3072 640 ) (-185.415527 -3072 640 ) 
4 78 84 (-1024 -3072 640 ) (-1024 -2587.843018 640 ) (-592 -2837.258301 640 ) (-592 -3072 640 ) 
4 78 79 (-448.687714 -2920.001221 640 ) (-1024 -2587.844482 640 ) (-1024 -2587.842529 1248 ) (-448.686768 -2920 1248 ) 
4 79 91 (-1024 -2048 1216 ) (-1024 -2048 640 ) (-1024 -2587.842773 640 ) (-1024 -2587.843018 1216 ) 
4 79 90 (-1024 -2048 1248 ) (-1024 -2048 1216 ) (-1024 -2587.843018 1216 ) (-1024 -2587.843018 1248 ) 
4 79 84 (-1024 -2587.843018 640 ) (-1024 -2048 640 ) (-592 -2048 640 ) (-592 -2837.258301 640 ) 
5 79 83 (-592 -2048 640 ) (-336 -2048 640 ) (-336 -2724.819824 640 ) (-336.681366 -2726 640 ) (-592 -2726 640 ) 
4 79 82 (-336 -2048 640 ) (-128 -2048 640 ) (-128 -2364.552979 640 ) (-336 -2724.819824 640 ) 
4 79 81 (-128 -2048 640 ) (0 -2048 640 ) (0 -2142.850098 640 ) (-128 -2364.552979 640 ) 
4 79 80 (-336.688171 -2726.009277 640 ) (0 -2142.847412 640 ) (0 -2142.849854 1248 ) (-336.687927 -2726.009521 1248 ) 
3 80 83 (-336.681366 -2726 640 ) (-336 -2724.819824 640 ) (-336 -2726 640 ) 
4 80 82 (-128 -2846.495605 640 ) (-336 -2726.406738 640 ) (-336 -2724.819824 640 ) (-128 -2364.552979 640 ) 
4 80 81 (0 -2142.850098 640 ) (0 -2920.396484 640 ) (-128 -2846.495605 640 ) (-128 -2364.552979 640 ) 
4 81 82 (-128 -2846.495605 48 ) (-128 -2846.495605 640 ) (-128 -2048 640 ) (-128 -2048 48 ) 
4 82 83 (-336 -2726 640 ) (-336 -2048 640 ) (-336 -2048 48 ) (-336 -2726 48 ) 
4 83 84 (-592 -2726 640 ) (-592 -2048 640 ) (-592 -2048 48 ) (-592 -2726 48 ) 
4 84 91 (-1024 -2048 640 ) (-1024 -2048 48 ) (-1024 -3072 48 ) (-1024 -3072 640 ) 
4 84 89 (-592 -3072 48 ) (-592 -3072 640 ) (-1024 -3072 640 ) (-1024 -3072 48 ) 
4 85 94 (0 -4096 1248 ) (0 -4096 1840 ) (-1024 -4096 1840 ) (-1024 -4096 1248 ) 
4 85 92 (-1024 -4096 1248 ) (-1024 -4096 1840 ) (-1024 -3072 1840 ) (-1024 -3072 1248 ) 
5 85 86 (0 -4096 1248 ) (-1024 -4096 1248 ) (-1024 -3072 1248 ) (-185.415527 -3072 1248 ) (0 -3179.049805 1248 ) 
4 86 95 (0 -4096 640 ) (0 -4096 1216 ) (-1024 -4096 1216 ) (-1024 -4096 640 ) 
4 86 94 (0 -4096 1216 ) (0 -4096 1248 ) (-1024 -4096 1248 ) (-1024 -4096 1216 ) 
4 86 93 (-1024 -4096 640 ) (-1024 -4096 1216 ) (-1024 -3072 1216 ) (-1024 -3072 640 ) 
4 86 92 (-1024 -4096 1216 ) (-1024 -4096 1248 ) (-1024 -3072 1248 ) (-1024 -3072 1216 ) 
4 86 89 (-1024 -4096 640 ) (-1024 -3072 640 ) (-592 -3072 640 ) (-592 -4096 640 ) 
4 86 88 (-128 -3568 640 ) (-128 -4096 640 ) (-592 -4096 640 ) (-592 -3568 640 ) 
4 86 87 (-128 -3105.148926 640 ) (0 -3179.049805 640 ) (0 -4096 640 ) (-128 -4096 640 ) 
4 87 95 (0 -4096 48 ) (0 -4096 640 ) (-128 -4096 640 ) (-128 -4096 48 ) 
4 87 88 (-128 -4096 48 ) (-128 -4096 640 ) (-128 -3568 640 ) (-128 -3568 48 ) 
4 88 95 (-128 -4096 48 ) (-128 -4096 640 ) (-592 -4096 640 ) (-592 -4096 48 ) 
4 88 89 (-592 -4096 640 ) (-592 -3568 640 ) (-592 -3568 48 ) (-592 -4096 48 ) 
4 89 95 (-592 -4096 48 ) (-592 -4096 640 ) (-1024 -4096 640 ) (-1024 -4096 48 ) 
4 89 93 (-1024 -4096 48 ) (-1024 -4096 640 ) (-1024 -3072 640 ) (-1024 -3072 48 ) 
4 90 92 (-1024 -3072 1216 ) (-1024 -3072 1840 ) (-1232 -3072 1840 ) (-1232 -3072 1216 ) 
4 90 91 (-1024 -3072 1216 ) (-1200 -3072 1216 ) (-1200 -2048 1216 ) (-1024 -2048 1216 ) 
4 91 93 (-1024 -3072 48 ) (-1024 -3072 1216 ) (-1200 -3072 1216 ) (-1200 -3072 48 ) 
4 92 96 (-1024 -4096 1216 ) (-1024 -4096 1840 ) (-1232 -4096 1840 ) (-1232 -4096 1216 ) 
4 92 93 (-1200 -3072 1216 ) (-1024 -3072 1216 ) (-1024 -4096 1216 ) (-1200 -4096 1216 ) 
4 93 97 (-1024 -4096 48 ) (-1024 -4096 1216 ) (-1200 -4096 1216 ) (-1200 -4096 48 ) 
4 94 96 (-1024 -4096 1840 ) (-1024 -4096 1216 ) (-1024 -4752 1216 ) (-1024 -4752 1840 ) 
4 94 95 (-1024 -4720 1216 ) (-1024 -4096 1216 ) (0 -4096 1216 ) (0 -4720 1216 ) 
4 95 97 (-1024 -4096 1216 ) (-1024 -4096 48 ) (-1024 -4720 48 ) (-1024 -4720 1216 ) 
4 96 97 (-1200 -4720 1216 ) (-1200 -4096 1216 ) (-1024 -4096 1216 ) (-1024 -4720 1216 ) 
